<?xml version="1.0" encoding="UTF-8"?>
<!-- Generated by org.testng.reporters.JUnitXMLReporter -->
<testsuite ignored="1" hostname="LAPTOP-1FVCPL3P" failures="3" tests="9" name="grouptesting" time="1.112" errors="0" timestamp="2025-03-12T11:15:41 IST">
  <testcase classname="testscripts.LoginTest" name="verifyUserIsableToLoginWithInvalidCredentials" time="0.055">
    <skipped/>
  </testcase> <!-- verifyUserIsableToLoginWithInvalidCredentials -->
  <testcase classname="testscripts.LoginTest" name="verifyUserIsableToLoginWithInvalidCredentials" time="0.003">
    <skipped/>
  </testcase> <!-- verifyUserIsableToLoginWithInvalidCredentials -->
  <testcase classname="testscripts.LoginTest" name="verifyUserIsableToLoginWithInvalidCredentials" time="0.002">
    <failure type="java.lang.NullPointerException" message="Cannot invoke &amp;quot;org.openqa.selenium.SearchContext.findElement(org.openqa.selenium.By)&amp;quot; because &amp;quot;this.searchContext&amp;quot; is null">
      <![CDATA[java.lang.NullPointerException: Cannot invoke "org.openqa.selenium.SearchContext.findElement(org.openqa.selenium.By)" because "this.searchContext" is null
at org.openqa.selenium.support.pagefactory.DefaultElementLocator.findElement(DefaultElementLocator.java:68)
at org.openqa.selenium.support.pagefactory.internal.LocatingElementHandler.invoke(LocatingElementHandler.java:38)
at jdk.proxy2/jdk.proxy2.$Proxy15.sendKeys(Unknown Source)
at pages.LoginPage.enterusernameonusernameField(LoginPage.java:35)
at testscripts.LoginTest.verifyUserIsableToLoginWithInvalidCredentials(LoginTest.java:61)
at java.base/java.util.ArrayList.forEach(ArrayList.java:1597)
... Removed 25 stack frames]]>
    </failure>
  </testcase> <!-- verifyUserIsableToLoginWithInvalidCredentials -->
  <testcase classname="testscripts.LoginTest" name="verifyUserisAbletoLoginWithinvalidusernameAndvalidpassword" time="0.002">
    <skipped/>
  </testcase> <!-- verifyUserisAbletoLoginWithinvalidusernameAndvalidpassword -->
  <testcase classname="testscripts.LoginTest" name="verifyUserisAbletoLoginWithinvalidusernameAndvalidpassword" time="0.002">
    <skipped/>
  </testcase> <!-- verifyUserisAbletoLoginWithinvalidusernameAndvalidpassword -->
  <testcase classname="testscripts.LoginTest" name="verifyUserisAbletoLoginWithinvalidusernameAndvalidpassword" time="0.001">
    <failure type="java.lang.NullPointerException" message="Cannot invoke &amp;quot;org.openqa.selenium.SearchContext.findElement(org.openqa.selenium.By)&amp;quot; because &amp;quot;this.searchContext&amp;quot; is null">
      <![CDATA[java.lang.NullPointerException: Cannot invoke "org.openqa.selenium.SearchContext.findElement(org.openqa.selenium.By)" because "this.searchContext" is null
at org.openqa.selenium.support.pagefactory.DefaultElementLocator.findElement(DefaultElementLocator.java:68)
at org.openqa.selenium.support.pagefactory.internal.LocatingElementHandler.invoke(LocatingElementHandler.java:38)
at jdk.proxy2/jdk.proxy2.$Proxy15.sendKeys(Unknown Source)
at pages.LoginPage.enterusernameonusernameField(LoginPage.java:35)
at testscripts.LoginTest.verifyUserisAbletoLoginWithinvalidusernameAndvalidpassword(LoginTest.java:49)
at java.base/java.util.ArrayList.forEach(ArrayList.java:1597)
... Removed 25 stack frames]]>
    </failure>
  </testcase> <!-- verifyUserisAbletoLoginWithinvalidusernameAndvalidpassword -->
  <testcase classname="testscripts.LoginTest" name="vrifyuserisAbletologinWithValidCredentials" time="0.773">
    <skipped/>
  </testcase> <!-- vrifyuserisAbletologinWithValidCredentials -->
  <testcase classname="testscripts.LoginTest" name="vrifyuserisAbletologinWithValidCredentials" time="0.055">
    <skipped/>
  </testcase> <!-- vrifyuserisAbletologinWithValidCredentials -->
  <testcase classname="testscripts.LoginTest" name="vrifyuserisAbletologinWithValidCredentials" time="0.052">
    <failure type="java.lang.NullPointerException" message="Cannot invoke &amp;quot;org.openqa.selenium.SearchContext.findElement(org.openqa.selenium.By)&amp;quot; because &amp;quot;this.searchContext&amp;quot; is null">
      <![CDATA[java.lang.NullPointerException: Cannot invoke "org.openqa.selenium.SearchContext.findElement(org.openqa.selenium.By)" because "this.searchContext" is null
at org.openqa.selenium.support.pagefactory.DefaultElementLocator.findElement(DefaultElementLocator.java:68)
at org.openqa.selenium.support.pagefactory.internal.LocatingElementHandler.invoke(LocatingElementHandler.java:38)
at jdk.proxy2/jdk.proxy2.$Proxy15.sendKeys(Unknown Source)
at pages.LoginPage.loginusingexceldata(LoginPage.java:66)
at testscripts.LoginTest.vrifyuserisAbletologinWithValidCredentials(LoginTest.java:24)
at java.base/java.util.ArrayList.forEach(ArrayList.java:1597)
... Removed 25 stack frames]]>
    </failure>
  </testcase> <!-- vrifyuserisAbletologinWithValidCredentials -->
  <testcase classname="testscripts.LoginTest" name="verifyUserIsabletologinWithValidUsernameInvalidpassword" time="0.0">
    <ignored/>
  </testcase> <!-- verifyUserIsabletologinWithValidUsernameInvalidpassword -->
</testsuite> <!-- grouptesting -->
